[debug] [2023-10-26T20:42:53.856Z] ----------------------------------------------------------------------
[debug] [2023-10-26T20:42:53.858Z] Command:       D:\nodejs\node.exe C:\Users\enzob\AppData\Roaming\npm\node_modules\firebase-tools\lib\bin\firebase.js init
[debug] [2023-10-26T20:42:53.858Z] CLI Version:   12.7.0
[debug] [2023-10-26T20:42:53.858Z] Platform:      win32
[debug] [2023-10-26T20:42:53.858Z] Node Version:  v18.17.0
[debug] [2023-10-26T20:42:53.859Z] Time:          Thu Oct 26 2023 17:42:53 GMT-0300 (hora estándar de Argentina)
[debug] [2023-10-26T20:42:53.859Z] ----------------------------------------------------------------------
[debug] 
[debug] [2023-10-26T20:42:53.921Z] > command requires scopes: ["email","openid","https://www.googleapis.com/auth/cloudplatformprojects.readonly","https://www.googleapis.com/auth/firebase","https://www.googleapis.com/auth/cloud-platform"]
[debug] [2023-10-26T20:42:53.922Z] > authorizing via signed-in user (enzobautista1000@gmail.com)
[info] 
     ######## #### ########  ######## ########     ###     ######  ########
     ##        ##  ##     ## ##       ##     ##  ##   ##  ##       ##
     ######    ##  ########  ######   ########  #########  ######  ######
     ##        ##  ##    ##  ##       ##     ## ##     ##       ## ##
     ##       #### ##     ## ######## ########  ##     ##  ######  ########

You're about to initialize a Firebase project in this directory:

  D:\AngularProyects\Portfolio

Before we get started, keep in mind:

  * You are initializing within an existing Firebase project directory

